护航成长/core/engine/build/intermediates/manifest_merge_blame_file/debug/processDebugManifest/manifest-merger-blame-debug-report.txt
1<?xml version="1.0" encoding="utf-8"?>
2<manifest xmlns:android="http://schemas.android.com/apk/res/android"
3    xmlns:tools="http://schemas.android.com/tools"
4    package="com.padguard.core.engine" >
5
6    <uses-sdk android:minSdkVersion="26" />
7
8    <!-- 采集能力：应用使用统计（用户需在设置中授权「使用情况访问权限」） -->
9    <uses-permission
9-->src\main\AndroidManifest.xml:5:5-7:58
10        xmlns:tools="http://schemas.android.com/tools"
10-->src\main\AndroidManifest.xml:7:9-55
11        android:name="android.permission.PACKAGE_USAGE_STATS"
11-->src\main\AndroidManifest.xml:5:22-75
12        tools:ignore="ProtectedPermissions" />
12-->src\main\AndroidManifest.xml:6:9-44
13    <!-- 保活与自愈 -->
14    <uses-permission android:name="android.permission.RECEIVE_BOOT_COMPLETED" />
14-->src\main\AndroidManifest.xml:9:5-81
14-->src\main\AndroidManifest.xml:9:22-78
15    <uses-permission android:name="android.permission.FOREGROUND_SERVICE" />
15-->src\main\AndroidManifest.xml:10:5-77
15-->src\main\AndroidManifest.xml:10:22-74
16    <uses-permission android:name="android.permission.WAKE_LOCK" />
16-->src\main\AndroidManifest.xml:11:5-68
16-->src\main\AndroidManifest.xml:11:22-65
17    <uses-permission android:name="android.permission.REQUEST_DELETE_PACKAGES" />
17-->src\main\AndroidManifest.xml:12:5-82
17-->src\main\AndroidManifest.xml:12:22-79
18
19</manifest>